2024-06-08 16:30:02,405 - INFO -       Node 1 Local Memory      
┏━━━━━━━━━┳━━━━━━━━━┳━━━━━━━━━┓
┃ Page ID ┃ Content ┃ Invalid ┃
┡━━━━━━━━━╇━━━━━━━━━╇━━━━━━━━━┩
└─────────┴─────────┴─────────┘

2024-06-08 16:30:02,407 - INFO -               Statistics              
┏━━━━━━━━━━━━━━━┳━━━━━━━┳━━━━━━━━━━━━┓
┃   Statistic   ┃ Count ┃ Percentage ┃
┡━━━━━━━━━━━━━━━╇━━━━━━━╇━━━━━━━━━━━━┩
│     Hits      │   0   │   0.00%    │
│  Page Faults  │   0   │   0.00%    │
│ Invalidations │   0   │   0.00%    │
└───────────────┴───────┴────────────┘

2024-06-08 16:30:02,421 - INFO -       Node 1 Local Memory      
┏━━━━━━━━━┳━━━━━━━━━┳━━━━━━━━━┓
┃ Page ID ┃ Content ┃ Invalid ┃
┡━━━━━━━━━╇━━━━━━━━━╇━━━━━━━━━┩
└─────────┴─────────┴─────────┘

2024-06-08 16:30:02,422 - INFO -               Statistics              
┏━━━━━━━━━━━━━━━┳━━━━━━━┳━━━━━━━━━━━━┓
┃   Statistic   ┃ Count ┃ Percentage ┃
┡━━━━━━━━━━━━━━━╇━━━━━━━╇━━━━━━━━━━━━┩
│     Hits      │   0   │   0.00%    │
│  Page Faults  │   0   │   0.00%    │
│ Invalidations │   0   │   0.00%    │
└───────────────┴───────┴────────────┘

2024-06-08 16:30:02,428 - INFO -       Node 1 Local Memory      
┏━━━━━━━━━┳━━━━━━━━━┳━━━━━━━━━┓
┃ Page ID ┃ Content ┃ Invalid ┃
┡━━━━━━━━━╇━━━━━━━━━╇━━━━━━━━━┩
└─────────┴─────────┴─────────┘

2024-06-08 16:30:02,429 - INFO -               Statistics              
┏━━━━━━━━━━━━━━━┳━━━━━━━┳━━━━━━━━━━━━┓
┃   Statistic   ┃ Count ┃ Percentage ┃
┡━━━━━━━━━━━━━━━╇━━━━━━━╇━━━━━━━━━━━━┩
│     Hits      │   0   │   0.00%    │
│  Page Faults  │   0   │   0.00%    │
│ Invalidations │   0   │   0.00%    │
└───────────────┴───────┴────────────┘

2024-06-08 16:30:02,434 - INFO -       Node 1 Local Memory      
┏━━━━━━━━━┳━━━━━━━━━┳━━━━━━━━━┓
┃ Page ID ┃ Content ┃ Invalid ┃
┡━━━━━━━━━╇━━━━━━━━━╇━━━━━━━━━┩
└─────────┴─────────┴─────────┘

2024-06-08 16:30:02,435 - INFO -               Statistics              
┏━━━━━━━━━━━━━━━┳━━━━━━━┳━━━━━━━━━━━━┓
┃   Statistic   ┃ Count ┃ Percentage ┃
┡━━━━━━━━━━━━━━━╇━━━━━━━╇━━━━━━━━━━━━┩
│     Hits      │   0   │   0.00%    │
│  Page Faults  │   0   │   0.00%    │
│ Invalidations │   0   │   0.00%    │
└───────────────┴───────┴────────────┘

2024-06-08 16:30:02,440 - INFO -       Node 1 Local Memory      
┏━━━━━━━━━┳━━━━━━━━━┳━━━━━━━━━┓
┃ Page ID ┃ Content ┃ Invalid ┃
┡━━━━━━━━━╇━━━━━━━━━╇━━━━━━━━━┩
└─────────┴─────────┴─────────┘

2024-06-08 16:30:02,441 - INFO -               Statistics              
┏━━━━━━━━━━━━━━━┳━━━━━━━┳━━━━━━━━━━━━┓
┃   Statistic   ┃ Count ┃ Percentage ┃
┡━━━━━━━━━━━━━━━╇━━━━━━━╇━━━━━━━━━━━━┩
│     Hits      │   0   │   0.00%    │
│  Page Faults  │   0   │   0.00%    │
│ Invalidations │   0   │   0.00%    │
└───────────────┴───────┴────────────┘

2024-06-08 16:30:02,446 - INFO -       Node 1 Local Memory      
┏━━━━━━━━━┳━━━━━━━━━┳━━━━━━━━━┓
┃ Page ID ┃ Content ┃ Invalid ┃
┡━━━━━━━━━╇━━━━━━━━━╇━━━━━━━━━┩
└─────────┴─────────┴─────────┘

2024-06-08 16:30:02,446 - INFO -               Statistics              
┏━━━━━━━━━━━━━━━┳━━━━━━━┳━━━━━━━━━━━━┓
┃   Statistic   ┃ Count ┃ Percentage ┃
┡━━━━━━━━━━━━━━━╇━━━━━━━╇━━━━━━━━━━━━┩
│     Hits      │   0   │   0.00%    │
│  Page Faults  │   0   │   0.00%    │
│ Invalidations │   0   │   0.00%    │
└───────────────┴───────┴────────────┘

2024-06-08 16:30:02,451 - INFO -       Node 1 Local Memory      
┏━━━━━━━━━┳━━━━━━━━━┳━━━━━━━━━┓
┃ Page ID ┃ Content ┃ Invalid ┃
┡━━━━━━━━━╇━━━━━━━━━╇━━━━━━━━━┩
└─────────┴─────────┴─────────┘

2024-06-08 16:30:02,451 - INFO -               Statistics              
┏━━━━━━━━━━━━━━━┳━━━━━━━┳━━━━━━━━━━━━┓
┃   Statistic   ┃ Count ┃ Percentage ┃
┡━━━━━━━━━━━━━━━╇━━━━━━━╇━━━━━━━━━━━━┩
│     Hits      │   0   │   0.00%    │
│  Page Faults  │   0   │   0.00%    │
│ Invalidations │   0   │   0.00%    │
└───────────────┴───────┴────────────┘

2024-06-08 16:30:02,454 - INFO -       Node 1 Local Memory      
┏━━━━━━━━━┳━━━━━━━━━┳━━━━━━━━━┓
┃ Page ID ┃ Content ┃ Invalid ┃
┡━━━━━━━━━╇━━━━━━━━━╇━━━━━━━━━┩
│    5    │    5    │  False  │
└─────────┴─────────┴─────────┘

2024-06-08 16:30:02,455 - INFO -               Statistics              
┏━━━━━━━━━━━━━━━┳━━━━━━━┳━━━━━━━━━━━━┓
┃   Statistic   ┃ Count ┃ Percentage ┃
┡━━━━━━━━━━━━━━━╇━━━━━━━╇━━━━━━━━━━━━┩
│     Hits      │   0   │   0.00%    │
│  Page Faults  │   1   │  100.00%   │
│ Invalidations │   0   │   0.00%    │
└───────────────┴───────┴────────────┘

2024-06-08 16:30:02,459 - INFO -       Node 1 Local Memory      
┏━━━━━━━━━┳━━━━━━━━━┳━━━━━━━━━┓
┃ Page ID ┃ Content ┃ Invalid ┃
┡━━━━━━━━━╇━━━━━━━━━╇━━━━━━━━━┩
│    5    │    5    │  False  │
│    6    │    6    │  False  │
└─────────┴─────────┴─────────┘

2024-06-08 16:30:02,460 - INFO -               Statistics              
┏━━━━━━━━━━━━━━━┳━━━━━━━┳━━━━━━━━━━━━┓
┃   Statistic   ┃ Count ┃ Percentage ┃
┡━━━━━━━━━━━━━━━╇━━━━━━━╇━━━━━━━━━━━━┩
│     Hits      │   0   │   0.00%    │
│  Page Faults  │   2   │  100.00%   │
│ Invalidations │   0   │   0.00%    │
└───────────────┴───────┴────────────┘

2024-06-08 16:30:02,467 - INFO -                  Node 1 Local Memory                  
┏━━━━━━━━━┳━━━━━━━━━━━━━━━━━━━━━━━━━━━━━━━━┳━━━━━━━━━┓
┃ Page ID ┃            Content             ┃ Invalid ┃
┡━━━━━━━━━╇━━━━━━━━━━━━━━━━━━━━━━━━━━━━━━━━╇━━━━━━━━━┩
│    5    │               5                │  False  │
│    6    │               6                │  False  │
│    7    │ Update at: 2024-06-08 16:30:02 │  False  │
└─────────┴────────────────────────────────┴─────────┘

2024-06-08 16:30:02,467 - INFO -               Statistics              
┏━━━━━━━━━━━━━━━┳━━━━━━━┳━━━━━━━━━━━━┓
┃   Statistic   ┃ Count ┃ Percentage ┃
┡━━━━━━━━━━━━━━━╇━━━━━━━╇━━━━━━━━━━━━┩
│     Hits      │   0   │   0.00%    │
│  Page Faults  │   3   │  100.00%   │
│ Invalidations │   0   │   0.00%    │
└───────────────┴───────┴────────────┘

2024-06-08 16:30:02,476 - INFO -                  Node 1 Local Memory                  
┏━━━━━━━━━┳━━━━━━━━━━━━━━━━━━━━━━━━━━━━━━━━┳━━━━━━━━━┓
┃ Page ID ┃            Content             ┃ Invalid ┃
┡━━━━━━━━━╇━━━━━━━━━━━━━━━━━━━━━━━━━━━━━━━━╇━━━━━━━━━┩
│    5    │ Update at: 2024-06-08 16:30:02 │  False  │
│    6    │               6                │  False  │
│    7    │ Update at: 2024-06-08 16:30:02 │  False  │
└─────────┴────────────────────────────────┴─────────┘

2024-06-08 16:30:02,477 - INFO -               Statistics              
┏━━━━━━━━━━━━━━━┳━━━━━━━┳━━━━━━━━━━━━┓
┃   Statistic   ┃ Count ┃ Percentage ┃
┡━━━━━━━━━━━━━━━╇━━━━━━━╇━━━━━━━━━━━━┩
│     Hits      │   1   │   25.00%   │
│  Page Faults  │   3   │   75.00%   │
│ Invalidations │   0   │   0.00%    │
└───────────────┴───────┴────────────┘

2024-06-08 16:30:02,483 - INFO -                  Node 1 Local Memory                  
┏━━━━━━━━━┳━━━━━━━━━━━━━━━━━━━━━━━━━━━━━━━━┳━━━━━━━━━┓
┃ Page ID ┃            Content             ┃ Invalid ┃
┡━━━━━━━━━╇━━━━━━━━━━━━━━━━━━━━━━━━━━━━━━━━╇━━━━━━━━━┩
│    6    │               6                │  False  │
│    7    │ Update at: 2024-06-08 16:30:02 │  False  │
│    8    │               8                │  False  │
└─────────┴────────────────────────────────┴─────────┘

2024-06-08 16:30:02,483 - INFO -               Statistics              
┏━━━━━━━━━━━━━━━┳━━━━━━━┳━━━━━━━━━━━━┓
┃   Statistic   ┃ Count ┃ Percentage ┃
┡━━━━━━━━━━━━━━━╇━━━━━━━╇━━━━━━━━━━━━┩
│     Hits      │   1   │   20.00%   │
│  Page Faults  │   4   │   80.00%   │
│ Invalidations │   0   │   0.00%    │
└───────────────┴───────┴────────────┘

2024-06-08 16:30:02,487 - INFO -                  Node 1 Local Memory                  
┏━━━━━━━━━┳━━━━━━━━━━━━━━━━━━━━━━━━━━━━━━━━┳━━━━━━━━━┓
┃ Page ID ┃            Content             ┃ Invalid ┃
┡━━━━━━━━━╇━━━━━━━━━━━━━━━━━━━━━━━━━━━━━━━━╇━━━━━━━━━┩
│    6    │               6                │  False  │
│    7    │ Update at: 2024-06-08 16:30:02 │  False  │
│    8    │               8                │  False  │
└─────────┴────────────────────────────────┴─────────┘

2024-06-08 16:30:02,488 - INFO -               Statistics              
┏━━━━━━━━━━━━━━━┳━━━━━━━┳━━━━━━━━━━━━┓
┃   Statistic   ┃ Count ┃ Percentage ┃
┡━━━━━━━━━━━━━━━╇━━━━━━━╇━━━━━━━━━━━━┩
│     Hits      │   2   │   33.33%   │
│  Page Faults  │   4   │   66.67%   │
│ Invalidations │   0   │   0.00%    │
└───────────────┴───────┴────────────┘

2024-06-08 16:30:02,491 - INFO -                  Node 1 Local Memory                  
┏━━━━━━━━━┳━━━━━━━━━━━━━━━━━━━━━━━━━━━━━━━━┳━━━━━━━━━┓
┃ Page ID ┃            Content             ┃ Invalid ┃
┡━━━━━━━━━╇━━━━━━━━━━━━━━━━━━━━━━━━━━━━━━━━╇━━━━━━━━━┩
│    7    │ Update at: 2024-06-08 16:30:02 │  False  │
│    8    │               8                │  False  │
│    9    │               9                │  False  │
└─────────┴────────────────────────────────┴─────────┘

2024-06-08 16:30:02,492 - INFO -               Statistics              
┏━━━━━━━━━━━━━━━┳━━━━━━━┳━━━━━━━━━━━━┓
┃   Statistic   ┃ Count ┃ Percentage ┃
┡━━━━━━━━━━━━━━━╇━━━━━━━╇━━━━━━━━━━━━┩
│     Hits      │   2   │   28.57%   │
│  Page Faults  │   5   │   71.43%   │
│ Invalidations │   0   │   0.00%    │
└───────────────┴───────┴────────────┘

