2024-06-08 16:30:02,401 - INFO -       Node 0 Local Memory      
┏━━━━━━━━━┳━━━━━━━━━┳━━━━━━━━━┓
┃ Page ID ┃ Content ┃ Invalid ┃
┡━━━━━━━━━╇━━━━━━━━━╇━━━━━━━━━┩
└─────────┴─────────┴─────────┘

2024-06-08 16:30:02,403 - INFO -               Statistics              
┏━━━━━━━━━━━━━━━┳━━━━━━━┳━━━━━━━━━━━━┓
┃   Statistic   ┃ Count ┃ Percentage ┃
┡━━━━━━━━━━━━━━━╇━━━━━━━╇━━━━━━━━━━━━┩
│     Hits      │   0   │   0.00%    │
│  Page Faults  │   0   │   0.00%    │
│ Invalidations │   0   │   0.00%    │
└───────────────┴───────┴────────────┘

2024-06-08 16:30:02,419 - INFO -       Node 0 Local Memory      
┏━━━━━━━━━┳━━━━━━━━━┳━━━━━━━━━┓
┃ Page ID ┃ Content ┃ Invalid ┃
┡━━━━━━━━━╇━━━━━━━━━╇━━━━━━━━━┩
│    0    │    0    │  False  │
└─────────┴─────────┴─────────┘

2024-06-08 16:30:02,420 - INFO -               Statistics              
┏━━━━━━━━━━━━━━━┳━━━━━━━┳━━━━━━━━━━━━┓
┃   Statistic   ┃ Count ┃ Percentage ┃
┡━━━━━━━━━━━━━━━╇━━━━━━━╇━━━━━━━━━━━━┩
│     Hits      │   0   │   0.00%    │
│  Page Faults  │   1   │  100.00%   │
│ Invalidations │   0   │   0.00%    │
└───────────────┴───────┴────────────┘

2024-06-08 16:30:02,426 - INFO -       Node 0 Local Memory      
┏━━━━━━━━━┳━━━━━━━━━┳━━━━━━━━━┓
┃ Page ID ┃ Content ┃ Invalid ┃
┡━━━━━━━━━╇━━━━━━━━━╇━━━━━━━━━┩
│    0    │    0    │  False  │
│    1    │    1    │  False  │
└─────────┴─────────┴─────────┘

2024-06-08 16:30:02,427 - INFO -               Statistics              
┏━━━━━━━━━━━━━━━┳━━━━━━━┳━━━━━━━━━━━━┓
┃   Statistic   ┃ Count ┃ Percentage ┃
┡━━━━━━━━━━━━━━━╇━━━━━━━╇━━━━━━━━━━━━┩
│     Hits      │   0   │   0.00%    │
│  Page Faults  │   2   │  100.00%   │
│ Invalidations │   0   │   0.00%    │
└───────────────┴───────┴────────────┘

2024-06-08 16:30:02,433 - INFO -       Node 0 Local Memory      
┏━━━━━━━━━┳━━━━━━━━━┳━━━━━━━━━┓
┃ Page ID ┃ Content ┃ Invalid ┃
┡━━━━━━━━━╇━━━━━━━━━╇━━━━━━━━━┩
│    0    │    0    │  False  │
│    1    │    1    │  False  │
│    2    │    2    │  False  │
└─────────┴─────────┴─────────┘

2024-06-08 16:30:02,434 - INFO -               Statistics              
┏━━━━━━━━━━━━━━━┳━━━━━━━┳━━━━━━━━━━━━┓
┃   Statistic   ┃ Count ┃ Percentage ┃
┡━━━━━━━━━━━━━━━╇━━━━━━━╇━━━━━━━━━━━━┩
│     Hits      │   0   │   0.00%    │
│  Page Faults  │   3   │  100.00%   │
│ Invalidations │   0   │   0.00%    │
└───────────────┴───────┴────────────┘

2024-06-08 16:30:02,439 - INFO -       Node 0 Local Memory      
┏━━━━━━━━━┳━━━━━━━━━┳━━━━━━━━━┓
┃ Page ID ┃ Content ┃ Invalid ┃
┡━━━━━━━━━╇━━━━━━━━━╇━━━━━━━━━┩
│    1    │    1    │  False  │
│    2    │    2    │  False  │
│    3    │    3    │  False  │
└─────────┴─────────┴─────────┘

2024-06-08 16:30:02,440 - INFO -               Statistics              
┏━━━━━━━━━━━━━━━┳━━━━━━━┳━━━━━━━━━━━━┓
┃   Statistic   ┃ Count ┃ Percentage ┃
┡━━━━━━━━━━━━━━━╇━━━━━━━╇━━━━━━━━━━━━┩
│     Hits      │   0   │   0.00%    │
│  Page Faults  │   4   │  100.00%   │
│ Invalidations │   0   │   0.00%    │
└───────────────┴───────┴────────────┘

2024-06-08 16:30:02,444 - INFO -       Node 0 Local Memory      
┏━━━━━━━━━┳━━━━━━━━━┳━━━━━━━━━┓
┃ Page ID ┃ Content ┃ Invalid ┃
┡━━━━━━━━━╇━━━━━━━━━╇━━━━━━━━━┩
│    1    │    1    │  False  │
│    2    │    2    │  False  │
│    3    │    3    │  False  │
└─────────┴─────────┴─────────┘

2024-06-08 16:30:02,445 - INFO -               Statistics              
┏━━━━━━━━━━━━━━━┳━━━━━━━┳━━━━━━━━━━━━┓
┃   Statistic   ┃ Count ┃ Percentage ┃
┡━━━━━━━━━━━━━━━╇━━━━━━━╇━━━━━━━━━━━━┩
│     Hits      │   1   │   20.00%   │
│  Page Faults  │   4   │   80.00%   │
│ Invalidations │   0   │   0.00%    │
└───────────────┴───────┴────────────┘

2024-06-08 16:30:02,449 - INFO -       Node 0 Local Memory      
┏━━━━━━━━━┳━━━━━━━━━┳━━━━━━━━━┓
┃ Page ID ┃ Content ┃ Invalid ┃
┡━━━━━━━━━╇━━━━━━━━━╇━━━━━━━━━┩
│    2    │    2    │  False  │
│    3    │    3    │  False  │
│    4    │    4    │  False  │
└─────────┴─────────┴─────────┘

2024-06-08 16:30:02,450 - INFO -               Statistics              
┏━━━━━━━━━━━━━━━┳━━━━━━━┳━━━━━━━━━━━━┓
┃   Statistic   ┃ Count ┃ Percentage ┃
┡━━━━━━━━━━━━━━━╇━━━━━━━╇━━━━━━━━━━━━┩
│     Hits      │   1   │   16.67%   │
│  Page Faults  │   5   │   83.33%   │
│ Invalidations │   0   │   0.00%    │
└───────────────┴───────┴────────────┘

2024-06-08 16:30:02,456 - INFO -       Node 0 Local Memory      
┏━━━━━━━━━┳━━━━━━━━━┳━━━━━━━━━┓
┃ Page ID ┃ Content ┃ Invalid ┃
┡━━━━━━━━━╇━━━━━━━━━╇━━━━━━━━━┩
│    2    │    2    │  False  │
│    3    │    3    │  False  │
│    4    │    4    │  False  │
└─────────┴─────────┴─────────┘

2024-06-08 16:30:02,456 - INFO -               Statistics              
┏━━━━━━━━━━━━━━━┳━━━━━━━┳━━━━━━━━━━━━┓
┃   Statistic   ┃ Count ┃ Percentage ┃
┡━━━━━━━━━━━━━━━╇━━━━━━━╇━━━━━━━━━━━━┩
│     Hits      │   1   │   16.67%   │
│  Page Faults  │   5   │   83.33%   │
│ Invalidations │   0   │   0.00%    │
└───────────────┴───────┴────────────┘

2024-06-08 16:30:02,460 - INFO -       Node 0 Local Memory      
┏━━━━━━━━━┳━━━━━━━━━┳━━━━━━━━━┓
┃ Page ID ┃ Content ┃ Invalid ┃
┡━━━━━━━━━╇━━━━━━━━━╇━━━━━━━━━┩
│    2    │    2    │  False  │
│    3    │    3    │  False  │
│    4    │    4    │  False  │
└─────────┴─────────┴─────────┘

2024-06-08 16:30:02,461 - INFO -               Statistics              
┏━━━━━━━━━━━━━━━┳━━━━━━━┳━━━━━━━━━━━━┓
┃   Statistic   ┃ Count ┃ Percentage ┃
┡━━━━━━━━━━━━━━━╇━━━━━━━╇━━━━━━━━━━━━┩
│     Hits      │   1   │   16.67%   │
│  Page Faults  │   5   │   83.33%   │
│ Invalidations │   0   │   0.00%    │
└───────────────┴───────┴────────────┘

2024-06-08 16:30:02,470 - INFO -       Node 0 Local Memory      
┏━━━━━━━━━┳━━━━━━━━━┳━━━━━━━━━┓
┃ Page ID ┃ Content ┃ Invalid ┃
┡━━━━━━━━━╇━━━━━━━━━╇━━━━━━━━━┩
│    2    │    2    │  False  │
│    3    │    3    │  False  │
│    4    │    4    │  False  │
└─────────┴─────────┴─────────┘

2024-06-08 16:30:02,471 - INFO -               Statistics              
┏━━━━━━━━━━━━━━━┳━━━━━━━┳━━━━━━━━━━━━┓
┃   Statistic   ┃ Count ┃ Percentage ┃
┡━━━━━━━━━━━━━━━╇━━━━━━━╇━━━━━━━━━━━━┩
│     Hits      │   1   │   16.67%   │
│  Page Faults  │   5   │   83.33%   │
│ Invalidations │   0   │   0.00%    │
└───────────────┴───────┴────────────┘

2024-06-08 16:30:02,479 - INFO -       Node 0 Local Memory      
┏━━━━━━━━━┳━━━━━━━━━┳━━━━━━━━━┓
┃ Page ID ┃ Content ┃ Invalid ┃
┡━━━━━━━━━╇━━━━━━━━━╇━━━━━━━━━┩
│    2    │    2    │  False  │
│    3    │    3    │  False  │
│    4    │    4    │  False  │
└─────────┴─────────┴─────────┘

2024-06-08 16:30:02,480 - INFO -               Statistics              
┏━━━━━━━━━━━━━━━┳━━━━━━━┳━━━━━━━━━━━━┓
┃   Statistic   ┃ Count ┃ Percentage ┃
┡━━━━━━━━━━━━━━━╇━━━━━━━╇━━━━━━━━━━━━┩
│     Hits      │   1   │   16.67%   │
│  Page Faults  │   5   │   83.33%   │
│ Invalidations │   0   │   0.00%    │
└───────────────┴───────┴────────────┘

2024-06-08 16:30:02,484 - INFO -       Node 0 Local Memory      
┏━━━━━━━━━┳━━━━━━━━━┳━━━━━━━━━┓
┃ Page ID ┃ Content ┃ Invalid ┃
┡━━━━━━━━━╇━━━━━━━━━╇━━━━━━━━━┩
│    2    │    2    │  False  │
│    3    │    3    │  False  │
│    4    │    4    │  False  │
└─────────┴─────────┴─────────┘

2024-06-08 16:30:02,484 - INFO -               Statistics              
┏━━━━━━━━━━━━━━━┳━━━━━━━┳━━━━━━━━━━━━┓
┃   Statistic   ┃ Count ┃ Percentage ┃
┡━━━━━━━━━━━━━━━╇━━━━━━━╇━━━━━━━━━━━━┩
│     Hits      │   1   │   16.67%   │
│  Page Faults  │   5   │   83.33%   │
│ Invalidations │   0   │   0.00%    │
└───────────────┴───────┴────────────┘

2024-06-08 16:30:02,488 - INFO -       Node 0 Local Memory      
┏━━━━━━━━━┳━━━━━━━━━┳━━━━━━━━━┓
┃ Page ID ┃ Content ┃ Invalid ┃
┡━━━━━━━━━╇━━━━━━━━━╇━━━━━━━━━┩
│    2    │    2    │  False  │
│    3    │    3    │  False  │
│    4    │    4    │  False  │
└─────────┴─────────┴─────────┘

2024-06-08 16:30:02,489 - INFO -               Statistics              
┏━━━━━━━━━━━━━━━┳━━━━━━━┳━━━━━━━━━━━━┓
┃   Statistic   ┃ Count ┃ Percentage ┃
┡━━━━━━━━━━━━━━━╇━━━━━━━╇━━━━━━━━━━━━┩
│     Hits      │   1   │   16.67%   │
│  Page Faults  │   5   │   83.33%   │
│ Invalidations │   0   │   0.00%    │
└───────────────┴───────┴────────────┘

2024-06-08 16:30:02,492 - INFO -       Node 0 Local Memory      
┏━━━━━━━━━┳━━━━━━━━━┳━━━━━━━━━┓
┃ Page ID ┃ Content ┃ Invalid ┃
┡━━━━━━━━━╇━━━━━━━━━╇━━━━━━━━━┩
│    2    │    2    │  False  │
│    3    │    3    │  False  │
│    4    │    4    │  False  │
└─────────┴─────────┴─────────┘

2024-06-08 16:30:02,493 - INFO -               Statistics              
┏━━━━━━━━━━━━━━━┳━━━━━━━┳━━━━━━━━━━━━┓
┃   Statistic   ┃ Count ┃ Percentage ┃
┡━━━━━━━━━━━━━━━╇━━━━━━━╇━━━━━━━━━━━━┩
│     Hits      │   1   │   16.67%   │
│  Page Faults  │   5   │   83.33%   │
│ Invalidations │   0   │   0.00%    │
└───────────────┴───────┴────────────┘

