2024-06-07 16:36:27,493 - INFO -       Node2 Local Memory       
┏━━━━━━━━━┳━━━━━━━━━┳━━━━━━━━━┓
┃ Page ID ┃ Content ┃ Invalid ┃
┡━━━━━━━━━╇━━━━━━━━━╇━━━━━━━━━┩
└─────────┴─────────┴─────────┘

2024-06-07 16:36:27,493 - INFO - 
2024-06-07 16:36:27,497 - INFO -       Node2 Local Memory       
┏━━━━━━━━━┳━━━━━━━━━┳━━━━━━━━━┓
┃ Page ID ┃ Content ┃ Invalid ┃
┡━━━━━━━━━╇━━━━━━━━━╇━━━━━━━━━┩
└─────────┴─────────┴─────────┘

2024-06-07 16:36:27,497 - INFO - 
2024-06-07 16:36:27,499 - INFO -       Node2 Local Memory       
┏━━━━━━━━━┳━━━━━━━━━┳━━━━━━━━━┓
┃ Page ID ┃ Content ┃ Invalid ┃
┡━━━━━━━━━╇━━━━━━━━━╇━━━━━━━━━┩
└─────────┴─────────┴─────────┘

2024-06-07 16:36:27,499 - INFO - 
2024-06-07 16:36:27,501 - INFO -       Node2 Local Memory       
┏━━━━━━━━━┳━━━━━━━━━┳━━━━━━━━━┓
┃ Page ID ┃ Content ┃ Invalid ┃
┡━━━━━━━━━╇━━━━━━━━━╇━━━━━━━━━┩
└─────────┴─────────┴─────────┘

2024-06-07 16:36:27,501 - INFO - 
2024-06-07 16:36:27,502 - INFO -       Node2 Local Memory       
┏━━━━━━━━━┳━━━━━━━━━┳━━━━━━━━━┓
┃ Page ID ┃ Content ┃ Invalid ┃
┡━━━━━━━━━╇━━━━━━━━━╇━━━━━━━━━┩
└─────────┴─────────┴─────────┘

2024-06-07 16:36:27,502 - INFO - 
2024-06-07 16:36:27,504 - INFO -       Node2 Local Memory       
┏━━━━━━━━━┳━━━━━━━━━┳━━━━━━━━━┓
┃ Page ID ┃ Content ┃ Invalid ┃
┡━━━━━━━━━╇━━━━━━━━━╇━━━━━━━━━┩
└─────────┴─────────┴─────────┘

2024-06-07 16:36:27,504 - INFO - 
2024-06-07 16:36:27,506 - INFO -       Node2 Local Memory       
┏━━━━━━━━━┳━━━━━━━━━┳━━━━━━━━━┓
┃ Page ID ┃ Content ┃ Invalid ┃
┡━━━━━━━━━╇━━━━━━━━━╇━━━━━━━━━┩
└─────────┴─────────┴─────────┘

2024-06-07 16:36:27,506 - INFO - 
2024-06-07 16:36:27,508 - INFO -       Node2 Local Memory       
┏━━━━━━━━━┳━━━━━━━━━┳━━━━━━━━━┓
┃ Page ID ┃ Content ┃ Invalid ┃
┡━━━━━━━━━╇━━━━━━━━━╇━━━━━━━━━┩
└─────────┴─────────┴─────────┘

2024-06-07 16:36:27,508 - INFO - 
2024-06-07 16:36:27,510 - INFO -       Node2 Local Memory       
┏━━━━━━━━━┳━━━━━━━━━┳━━━━━━━━━┓
┃ Page ID ┃ Content ┃ Invalid ┃
┡━━━━━━━━━╇━━━━━━━━━╇━━━━━━━━━┩
└─────────┴─────────┴─────────┘

2024-06-07 16:36:27,510 - INFO - 
2024-06-07 16:36:27,516 - INFO -       Node2 Local Memory       
┏━━━━━━━━━┳━━━━━━━━━┳━━━━━━━━━┓
┃ Page ID ┃ Content ┃ Invalid ┃
┡━━━━━━━━━╇━━━━━━━━━╇━━━━━━━━━┩
└─────────┴─────────┴─────────┘

2024-06-07 16:36:27,516 - INFO - 
2024-06-07 16:36:27,522 - INFO -       Node2 Local Memory       
┏━━━━━━━━━┳━━━━━━━━━┳━━━━━━━━━┓
┃ Page ID ┃ Content ┃ Invalid ┃
┡━━━━━━━━━╇━━━━━━━━━╇━━━━━━━━━┩
└─────────┴─────────┴─────────┘

2024-06-07 16:36:27,522 - INFO - 
2024-06-07 16:36:27,524 - INFO -       Node2 Local Memory       
┏━━━━━━━━━┳━━━━━━━━━┳━━━━━━━━━┓
┃ Page ID ┃ Content ┃ Invalid ┃
┡━━━━━━━━━╇━━━━━━━━━╇━━━━━━━━━┩
└─────────┴─────────┴─────────┘

2024-06-07 16:36:27,524 - INFO - 
2024-06-07 16:36:27,525 - INFO -       Node2 Local Memory       
┏━━━━━━━━━┳━━━━━━━━━┳━━━━━━━━━┓
┃ Page ID ┃ Content ┃ Invalid ┃
┡━━━━━━━━━╇━━━━━━━━━╇━━━━━━━━━┩
└─────────┴─────────┴─────────┘

2024-06-07 16:36:27,525 - INFO - 
