2024-06-07 16:36:27,494 - INFO -       Node3 Local Memory       
┏━━━━━━━━━┳━━━━━━━━━┳━━━━━━━━━┓
┃ Page ID ┃ Content ┃ Invalid ┃
┡━━━━━━━━━╇━━━━━━━━━╇━━━━━━━━━┩
└─────────┴─────────┴─────────┘

2024-06-07 16:36:27,494 - INFO - 
2024-06-07 16:36:27,498 - INFO -       Node3 Local Memory       
┏━━━━━━━━━┳━━━━━━━━━┳━━━━━━━━━┓
┃ Page ID ┃ Content ┃ Invalid ┃
┡━━━━━━━━━╇━━━━━━━━━╇━━━━━━━━━┩
└─────────┴─────────┴─────────┘

2024-06-07 16:36:27,498 - INFO - 
2024-06-07 16:36:27,499 - INFO -       Node3 Local Memory       
┏━━━━━━━━━┳━━━━━━━━━┳━━━━━━━━━┓
┃ Page ID ┃ Content ┃ Invalid ┃
┡━━━━━━━━━╇━━━━━━━━━╇━━━━━━━━━┩
└─────────┴─────────┴─────────┘

2024-06-07 16:36:27,499 - INFO - 
2024-06-07 16:36:27,501 - INFO -       Node3 Local Memory       
┏━━━━━━━━━┳━━━━━━━━━┳━━━━━━━━━┓
┃ Page ID ┃ Content ┃ Invalid ┃
┡━━━━━━━━━╇━━━━━━━━━╇━━━━━━━━━┩
└─────────┴─────────┴─────────┘

2024-06-07 16:36:27,501 - INFO - 
2024-06-07 16:36:27,503 - INFO -       Node3 Local Memory       
┏━━━━━━━━━┳━━━━━━━━━┳━━━━━━━━━┓
┃ Page ID ┃ Content ┃ Invalid ┃
┡━━━━━━━━━╇━━━━━━━━━╇━━━━━━━━━┩
└─────────┴─────────┴─────────┘

2024-06-07 16:36:27,503 - INFO - 
2024-06-07 16:36:27,504 - INFO -       Node3 Local Memory       
┏━━━━━━━━━┳━━━━━━━━━┳━━━━━━━━━┓
┃ Page ID ┃ Content ┃ Invalid ┃
┡━━━━━━━━━╇━━━━━━━━━╇━━━━━━━━━┩
└─────────┴─────────┴─────────┘

2024-06-07 16:36:27,504 - INFO - 
2024-06-07 16:36:27,506 - INFO -       Node3 Local Memory       
┏━━━━━━━━━┳━━━━━━━━━┳━━━━━━━━━┓
┃ Page ID ┃ Content ┃ Invalid ┃
┡━━━━━━━━━╇━━━━━━━━━╇━━━━━━━━━┩
└─────────┴─────────┴─────────┘

2024-06-07 16:36:27,506 - INFO - 
2024-06-07 16:36:27,508 - INFO -       Node3 Local Memory       
┏━━━━━━━━━┳━━━━━━━━━┳━━━━━━━━━┓
┃ Page ID ┃ Content ┃ Invalid ┃
┡━━━━━━━━━╇━━━━━━━━━╇━━━━━━━━━┩
└─────────┴─────────┴─────────┘

2024-06-07 16:36:27,508 - INFO - 
2024-06-07 16:36:27,510 - INFO -       Node3 Local Memory       
┏━━━━━━━━━┳━━━━━━━━━┳━━━━━━━━━┓
┃ Page ID ┃ Content ┃ Invalid ┃
┡━━━━━━━━━╇━━━━━━━━━╇━━━━━━━━━┩
└─────────┴─────────┴─────────┘

2024-06-07 16:36:27,510 - INFO - 
2024-06-07 16:36:27,516 - INFO -       Node3 Local Memory       
┏━━━━━━━━━┳━━━━━━━━━┳━━━━━━━━━┓
┃ Page ID ┃ Content ┃ Invalid ┃
┡━━━━━━━━━╇━━━━━━━━━╇━━━━━━━━━┩
└─────────┴─────────┴─────────┘

2024-06-07 16:36:27,516 - INFO - 
2024-06-07 16:36:27,522 - INFO -       Node3 Local Memory       
┏━━━━━━━━━┳━━━━━━━━━┳━━━━━━━━━┓
┃ Page ID ┃ Content ┃ Invalid ┃
┡━━━━━━━━━╇━━━━━━━━━╇━━━━━━━━━┩
└─────────┴─────────┴─────────┘

2024-06-07 16:36:27,522 - INFO - 
2024-06-07 16:36:27,524 - INFO -       Node3 Local Memory       
┏━━━━━━━━━┳━━━━━━━━━┳━━━━━━━━━┓
┃ Page ID ┃ Content ┃ Invalid ┃
┡━━━━━━━━━╇━━━━━━━━━╇━━━━━━━━━┩
└─────────┴─────────┴─────────┘

2024-06-07 16:36:27,524 - INFO - 
2024-06-07 16:36:27,526 - INFO -       Node3 Local Memory       
┏━━━━━━━━━┳━━━━━━━━━┳━━━━━━━━━┓
┃ Page ID ┃ Content ┃ Invalid ┃
┡━━━━━━━━━╇━━━━━━━━━╇━━━━━━━━━┩
└─────────┴─────────┴─────────┘

2024-06-07 16:36:27,526 - INFO - 
