2024-06-08 16:30:02,495 - INFO -       Node 0 Local Memory      
┏━━━━━━━━━┳━━━━━━━━━┳━━━━━━━━━┓
┃ Page ID ┃ Content ┃ Invalid ┃
┡━━━━━━━━━╇━━━━━━━━━╇━━━━━━━━━┩
│    2    │    2    │  False  │
│    3    │    3    │  False  │
│    4    │    4    │  False  │
└─────────┴─────────┴─────────┘

2024-06-08 16:30:02,496 - INFO -               Statistics              
┏━━━━━━━━━━━━━━━┳━━━━━━━┳━━━━━━━━━━━━┓
┃   Statistic   ┃ Count ┃ Percentage ┃
┡━━━━━━━━━━━━━━━╇━━━━━━━╇━━━━━━━━━━━━┩
│     Hits      │   1   │   16.67%   │
│  Page Faults  │   5   │   83.33%   │
│ Invalidations │   0   │   0.00%    │
└───────────────┴───────┴────────────┘

2024-06-08 16:30:02,497 - INFO -                  Node 1 Local Memory                  
┏━━━━━━━━━┳━━━━━━━━━━━━━━━━━━━━━━━━━━━━━━━━┳━━━━━━━━━┓
┃ Page ID ┃            Content             ┃ Invalid ┃
┡━━━━━━━━━╇━━━━━━━━━━━━━━━━━━━━━━━━━━━━━━━━╇━━━━━━━━━┩
│    7    │ Update at: 2024-06-08 16:30:02 │  False  │
│    8    │               8                │  False  │
│    9    │               9                │  False  │
└─────────┴────────────────────────────────┴─────────┘

2024-06-08 16:30:02,497 - INFO -               Statistics              
┏━━━━━━━━━━━━━━━┳━━━━━━━┳━━━━━━━━━━━━┓
┃   Statistic   ┃ Count ┃ Percentage ┃
┡━━━━━━━━━━━━━━━╇━━━━━━━╇━━━━━━━━━━━━┩
│     Hits      │   2   │   28.57%   │
│  Page Faults  │   5   │   71.43%   │
│ Invalidations │   0   │   0.00%    │
└───────────────┴───────┴────────────┘

2024-06-08 16:30:02,498 - INFO -       Node 2 Local Memory      
┏━━━━━━━━━┳━━━━━━━━━┳━━━━━━━━━┓
┃ Page ID ┃ Content ┃ Invalid ┃
┡━━━━━━━━━╇━━━━━━━━━╇━━━━━━━━━┩
└─────────┴─────────┴─────────┘

2024-06-08 16:30:02,498 - INFO -               Statistics              
┏━━━━━━━━━━━━━━━┳━━━━━━━┳━━━━━━━━━━━━┓
┃   Statistic   ┃ Count ┃ Percentage ┃
┡━━━━━━━━━━━━━━━╇━━━━━━━╇━━━━━━━━━━━━┩
│     Hits      │   0   │   0.00%    │
│  Page Faults  │   0   │   0.00%    │
│ Invalidations │   0   │   0.00%    │
└───────────────┴───────┴────────────┘

2024-06-08 16:30:02,498 - INFO -       Node 3 Local Memory      
┏━━━━━━━━━┳━━━━━━━━━┳━━━━━━━━━┓
┃ Page ID ┃ Content ┃ Invalid ┃
┡━━━━━━━━━╇━━━━━━━━━╇━━━━━━━━━┩
└─────────┴─────────┴─────────┘

2024-06-08 16:30:02,499 - INFO -               Statistics              
┏━━━━━━━━━━━━━━━┳━━━━━━━┳━━━━━━━━━━━━┓
┃   Statistic   ┃ Count ┃ Percentage ┃
┡━━━━━━━━━━━━━━━╇━━━━━━━╇━━━━━━━━━━━━┩
│     Hits      │   0   │   0.00%    │
│  Page Faults  │   0   │   0.00%    │
│ Invalidations │   0   │   0.00%    │
└───────────────┴───────┴────────────┘

2024-06-08 16:30:02,500 - INFO -         General Statistics Analysis         
┏━━━━━━━━━━━━━━━┳━━━━━━━━━━━━━┳━━━━━━━━━━━━┓
┃   Statistic   ┃ Total Count ┃ Percentage ┃
┡━━━━━━━━━━━━━━━╇━━━━━━━━━━━━━╇━━━━━━━━━━━━┩
│     Hits      │      3      │   23.08%   │
│  Page Faults  │     10      │   76.92%   │
│ Invalidations │      0      │   0.00%    │
└───────────────┴─────────────┴────────────┘

